CRITICAL - 2026-05-05 04:48:04 --> Error: Class "Locale" not found
[Method: GET, Route: /]
in SYSTEMPATH\CodeIgniter.php on line 189.
 1 SYSTEMPATH\Boot.php(404): CodeIgniter\CodeIgniter->initialize()
 2 SYSTEMPATH\Boot.php(163): CodeIgniter\Boot::initializeCodeIgniter()
 3 ROOTPATH\spark(87): CodeIgniter\Boot::bootSpark(Object(Config\Paths))
CRITICAL - 2026-05-05 04:48:04 --> ErrorException: Uncaught Error: Class "Locale" not found in D:\xampp82\htdocs\260505_andai_ku_walikota\system\I18n\TimeTrait.php:75
Stack trace:
#0 D:\xampp82\htdocs\260505_andai_ku_walikota\system\I18n\TimeTrait.php(116): CodeIgniter\I18n\Time->__construct(NULL, NULL, NULL)
#1 D:\xampp82\htdocs\260505_andai_ku_walikota\system\HTTP\ResponseTrait.php(394): CodeIgniter\I18n\Time::now()
#2 D:\xampp82\htdocs\260505_andai_ku_walikota\system\HTTP\ResponseTrait.php(372): CodeIgniter\HTTP\Response->sendHeaders()
#3 D:\xampp82\htdocs\260505_andai_ku_walikota\system\Debug\ExceptionHandler.php(95): CodeIgniter\HTTP\Response->send()
#4 D:\xampp82\htdocs\260505_andai_ku_walikota\system\Debug\Exceptions.php(151): CodeIgniter\Debug\ExceptionHandler->handle(Object(Error), Object(CodeIgniter\HTTP\IncomingRequest), Object(CodeIgniter\HTTP\Response), 500, 1)
#5 [internal function]: CodeIgniter\Debug\Exceptions->exceptionHandler(Object(Error))
#6 {main}
  thrown
【Previous Exception】
Error
Class "Locale" not found
#0 D:\xampp82\htdocs\260505_andai_ku_walikota\system\Boot.php(404): CodeIgniter\CodeIgniter->initialize()
#1 D:\xampp82\htdocs\260505_andai_ku_walikota\system\Boot.php(163): CodeIgniter\Boot::initializeCodeIgniter()
#2 D:\xampp82\htdocs\260505_andai_ku_walikota\spark(87): CodeIgniter\Boot::bootSpark(Object(Config\Paths))
#3 {main}
[Method: GET, Route: /]
in SYSTEMPATH\I18n\TimeTrait.php on line 75.
 1 [internal function]: CodeIgniter\Debug\Exceptions->shutdownHandler()
CRITICAL - 2026-05-05 04:55:42 --> CodeIgniter\View\Exceptions\ViewException: Invalid file: "auth/login.php"
[Method: GET, Route: login]
in SYSTEMPATH\Exceptions\FrameworkException.php on line 39.
 1 SYSTEMPATH\View\View.php(228): CodeIgniter\Exceptions\FrameworkException::forInvalidFile('auth/login.php')
 2 SYSTEMPATH\Common.php(1250): CodeIgniter\View\View->render('auth/login', [], true)
 3 APPPATH\Controllers\AuthController.php(11): view('auth/login')
 4 SYSTEMPATH\CodeIgniter.php(951): App\Controllers\AuthController->login()
 5 SYSTEMPATH\CodeIgniter.php(497): CodeIgniter\CodeIgniter->runController(Object(App\Controllers\AuthController))
 6 SYSTEMPATH\CodeIgniter.php(340): CodeIgniter\CodeIgniter->handleRequest(null, Object(Config\Cache), false)
 7 SYSTEMPATH\Boot.php(417): CodeIgniter\CodeIgniter->run()
 8 SYSTEMPATH\Boot.php(68): CodeIgniter\Boot::runCodeIgniter(Object(CodeIgniter\CodeIgniter))
 9 FCPATH\index.php(59): CodeIgniter\Boot::bootWeb(Object(Config\Paths))
10 SYSTEMPATH\rewrite.php(44): require_once('D:\\xampp82\\htdocs\\260505_andai_ku_walikota\\public\\index.php')
CRITICAL - 2026-05-05 04:56:02 --> CodeIgniter\View\Exceptions\ViewException: Invalid file: "auth/login.php"
[Method: GET, Route: login]
in SYSTEMPATH\Exceptions\FrameworkException.php on line 39.
 1 SYSTEMPATH\View\View.php(228): CodeIgniter\Exceptions\FrameworkException::forInvalidFile('auth/login.php')
 2 SYSTEMPATH\Common.php(1250): CodeIgniter\View\View->render('auth/login', [], true)
 3 APPPATH\Controllers\AuthController.php(11): view('auth/login')
 4 SYSTEMPATH\CodeIgniter.php(951): App\Controllers\AuthController->login()
 5 SYSTEMPATH\CodeIgniter.php(497): CodeIgniter\CodeIgniter->runController(Object(App\Controllers\AuthController))
 6 SYSTEMPATH\CodeIgniter.php(340): CodeIgniter\CodeIgniter->handleRequest(null, Object(Config\Cache), false)
 7 SYSTEMPATH\Boot.php(417): CodeIgniter\CodeIgniter->run()
 8 SYSTEMPATH\Boot.php(68): CodeIgniter\Boot::runCodeIgniter(Object(CodeIgniter\CodeIgniter))
 9 FCPATH\index.php(59): CodeIgniter\Boot::bootWeb(Object(Config\Paths))
10 SYSTEMPATH\rewrite.php(44): require_once('D:\\xampp82\\htdocs\\260505_andai_ku_walikota\\public\\index.php')
DEBUG - 2026-05-05 04:56:29 --> Session: Class initialized using 'CodeIgniter\Session\Handlers\FileHandler' driver.
DEBUG - 2026-05-05 05:20:17 --> Session: Class initialized using 'CodeIgniter\Session\Handlers\FileHandler' driver.
DEBUG - 2026-05-05 05:23:40 --> Session: Class initialized using 'CodeIgniter\Session\Handlers\FileHandler' driver.
ERROR - 2026-05-05 05:23:59 --> Error connecting to the database: mysqli_sql_exception: No connection could be made because the target machine actively refused it in D:\xampp82\htdocs\260505_andai_ku_walikota\system\Database\MySQLi\Connection.php:201
Stack trace:
#0 D:\xampp82\htdocs\260505_andai_ku_walikota\system\Database\MySQLi\Connection.php(201): mysqli->real_connect('localhost', '', Object(SensitiveParameterValue), '', 3306, '', 0)
#1 D:\xampp82\htdocs\260505_andai_ku_walikota\system\Database\BaseConnection.php(555): CodeIgniter\Database\MySQLi\Connection->connect(false)
#2 D:\xampp82\htdocs\260505_andai_ku_walikota\system\Database\BaseConnection.php(795): CodeIgniter\Database\BaseConnection->initialize()
#3 D:\xampp82\htdocs\260505_andai_ku_walikota\system\Database\BaseBuilder.php(2345): CodeIgniter\Database\BaseConnection->query('INSERT INTO `us...', Array, false)
#4 D:\xampp82\htdocs\260505_andai_ku_walikota\system\Model.php(355): CodeIgniter\Database\BaseBuilder->insert()
#5 D:\xampp82\htdocs\260505_andai_ku_walikota\system\BaseModel.php(899): CodeIgniter\Model->doInsert(Array)
#6 D:\xampp82\htdocs\260505_andai_ku_walikota\system\Model.php(668): CodeIgniter\BaseModel->insert(Array, true)
#7 D:\xampp82\htdocs\260505_andai_ku_walikota\app\Controllers\AuthController.php(43): CodeIgniter\Model->insert(Array)
#8 D:\xampp82\htdocs\260505_andai_ku_walikota\system\CodeIgniter.php(951): App\Controllers\AuthController->processRegister()
#9 D:\xampp82\htdocs\260505_andai_ku_walikota\system\CodeIgniter.php(497): CodeIgniter\CodeIgniter->runController(Object(App\Controllers\AuthController))
#10 D:\xampp82\htdocs\260505_andai_ku_walikota\system\CodeIgniter.php(340): CodeIgniter\CodeIgniter->handleRequest(NULL, Object(Config\Cache), false)
#11 D:\xampp82\htdocs\260505_andai_ku_walikota\system\Boot.php(417): CodeIgniter\CodeIgniter->run()
#12 D:\xampp82\htdocs\260505_andai_ku_walikota\system\Boot.php(68): CodeIgniter\Boot::runCodeIgniter(Object(CodeIgniter\CodeIgniter))
#13 D:\xampp82\htdocs\260505_andai_ku_walikota\public\index.php(59): CodeIgniter\Boot::bootWeb(Object(Config\Paths))
#14 D:\xampp82\htdocs\260505_andai_ku_walikota\system\rewrite.php(44): require_once('D:\\xampp82\\htdo...')
#15 {main}

Next CodeIgniter\Database\Exceptions\DatabaseException: No connection could be made because the target machine actively refused it in D:\xampp82\htdocs\260505_andai_ku_walikota\system\Database\MySQLi\Connection.php:231
Stack trace:
#0 D:\xampp82\htdocs\260505_andai_ku_walikota\system\Database\BaseConnection.php(555): CodeIgniter\Database\MySQLi\Connection->connect(false)
#1 D:\xampp82\htdocs\260505_andai_ku_walikota\system\Database\BaseConnection.php(795): CodeIgniter\Database\BaseConnection->initialize()
#2 D:\xampp82\htdocs\260505_andai_ku_walikota\system\Database\BaseBuilder.php(2345): CodeIgniter\Database\BaseConnection->query('INSERT INTO `us...', Array, false)
#3 D:\xampp82\htdocs\260505_andai_ku_walikota\system\Model.php(355): CodeIgniter\Database\BaseBuilder->insert()
#4 D:\xampp82\htdocs\260505_andai_ku_walikota\system\BaseModel.php(899): CodeIgniter\Model->doInsert(Array)
#5 D:\xampp82\htdocs\260505_andai_ku_walikota\system\Model.php(668): CodeIgniter\BaseModel->insert(Array, true)
#6 D:\xampp82\htdocs\260505_andai_ku_walikota\app\Controllers\AuthController.php(43): CodeIgniter\Model->insert(Array)
#7 D:\xampp82\htdocs\260505_andai_ku_walikota\system\CodeIgniter.php(951): App\Controllers\AuthController->processRegister()
#8 D:\xampp82\htdocs\260505_andai_ku_walikota\system\CodeIgniter.php(497): CodeIgniter\CodeIgniter->runController(Object(App\Controllers\AuthController))
#9 D:\xampp82\htdocs\260505_andai_ku_walikota\system\CodeIgniter.php(340): CodeIgniter\CodeIgniter->handleRequest(NULL, Object(Config\Cache), false)
#10 D:\xampp82\htdocs\260505_andai_ku_walikota\system\Boot.php(417): CodeIgniter\CodeIgniter->run()
#11 D:\xampp82\htdocs\260505_andai_ku_walikota\system\Boot.php(68): CodeIgniter\Boot::runCodeIgniter(Object(CodeIgniter\CodeIgniter))
#12 D:\xampp82\htdocs\260505_andai_ku_walikota\public\index.php(59): CodeIgniter\Boot::bootWeb(Object(Config\Paths))
#13 D:\xampp82\htdocs\260505_andai_ku_walikota\system\rewrite.php(44): require_once('D:\\xampp82\\htdo...')
#14 {main}
CRITICAL - 2026-05-05 05:23:59 --> CodeIgniter\Database\Exceptions\DatabaseException: Unable to connect to the database.
Main connection [MySQLi]: No connection could be made because the target machine actively refused it
[Method: POST, Route: register]
in SYSTEMPATH\Database\BaseConnection.php on line 606.
 1 SYSTEMPATH\Database\BaseConnection.php(795): CodeIgniter\Database\BaseConnection->initialize()
 2 SYSTEMPATH\Database\BaseBuilder.php(2345): CodeIgniter\Database\BaseConnection->query('INSERT INTO `users` (`name`, `email`, `password`, `created_at`, `updated_at`) VALUES (:name:, :email:, :password:, :created_at:, :updated_at:)', [...], false)
 3 SYSTEMPATH\Model.php(355): CodeIgniter\Database\BaseBuilder->insert()
 4 SYSTEMPATH\BaseModel.php(899): CodeIgniter\Model->doInsert([...])
 5 SYSTEMPATH\Model.php(668): CodeIgniter\BaseModel->insert([...], true)
 6 APPPATH\Controllers\AuthController.php(43): CodeIgniter\Model->insert([...])
 7 SYSTEMPATH\CodeIgniter.php(951): App\Controllers\AuthController->processRegister()
 8 SYSTEMPATH\CodeIgniter.php(497): CodeIgniter\CodeIgniter->runController(Object(App\Controllers\AuthController))
 9 SYSTEMPATH\CodeIgniter.php(340): CodeIgniter\CodeIgniter->handleRequest(null, Object(Config\Cache), false)
10 SYSTEMPATH\Boot.php(417): CodeIgniter\CodeIgniter->run()
11 SYSTEMPATH\Boot.php(68): CodeIgniter\Boot::runCodeIgniter(Object(CodeIgniter\CodeIgniter))
12 FCPATH\index.php(59): CodeIgniter\Boot::bootWeb(Object(Config\Paths))
13 SYSTEMPATH\rewrite.php(44): require_once('D:\\xampp82\\htdocs\\260505_andai_ku_walikota\\public\\index.php')
ERROR - 2026-05-05 05:24:46 --> Error connecting to the database: mysqli_sql_exception: Access denied for user ''@'localhost' (using password: NO) in D:\xampp82\htdocs\260505_andai_ku_walikota\system\Database\MySQLi\Connection.php:201
Stack trace:
#0 D:\xampp82\htdocs\260505_andai_ku_walikota\system\Database\MySQLi\Connection.php(201): mysqli->real_connect('localhost', '', Object(SensitiveParameterValue), '', 3308, '', 0)
#1 D:\xampp82\htdocs\260505_andai_ku_walikota\system\Database\BaseConnection.php(555): CodeIgniter\Database\MySQLi\Connection->connect(false)
#2 D:\xampp82\htdocs\260505_andai_ku_walikota\system\Database\BaseConnection.php(795): CodeIgniter\Database\BaseConnection->initialize()
#3 D:\xampp82\htdocs\260505_andai_ku_walikota\system\Database\BaseBuilder.php(2345): CodeIgniter\Database\BaseConnection->query('INSERT INTO `us...', Array, false)
#4 D:\xampp82\htdocs\260505_andai_ku_walikota\system\Model.php(355): CodeIgniter\Database\BaseBuilder->insert()
#5 D:\xampp82\htdocs\260505_andai_ku_walikota\system\BaseModel.php(899): CodeIgniter\Model->doInsert(Array)
#6 D:\xampp82\htdocs\260505_andai_ku_walikota\system\Model.php(668): CodeIgniter\BaseModel->insert(Array, true)
#7 D:\xampp82\htdocs\260505_andai_ku_walikota\app\Controllers\AuthController.php(43): CodeIgniter\Model->insert(Array)
#8 D:\xampp82\htdocs\260505_andai_ku_walikota\system\CodeIgniter.php(951): App\Controllers\AuthController->processRegister()
#9 D:\xampp82\htdocs\260505_andai_ku_walikota\system\CodeIgniter.php(497): CodeIgniter\CodeIgniter->runController(Object(App\Controllers\AuthController))
#10 D:\xampp82\htdocs\260505_andai_ku_walikota\system\CodeIgniter.php(340): CodeIgniter\CodeIgniter->handleRequest(NULL, Object(Config\Cache), false)
#11 D:\xampp82\htdocs\260505_andai_ku_walikota\system\Boot.php(417): CodeIgniter\CodeIgniter->run()
#12 D:\xampp82\htdocs\260505_andai_ku_walikota\system\Boot.php(68): CodeIgniter\Boot::runCodeIgniter(Object(CodeIgniter\CodeIgniter))
#13 D:\xampp82\htdocs\260505_andai_ku_walikota\public\index.php(59): CodeIgniter\Boot::bootWeb(Object(Config\Paths))
#14 D:\xampp82\htdocs\260505_andai_ku_walikota\system\rewrite.php(44): require_once('D:\\xampp82\\htdo...')
#15 {main}

Next CodeIgniter\Database\Exceptions\DatabaseException: Access denied for user ''@'localhost' (using password: NO) in D:\xampp82\htdocs\260505_andai_ku_walikota\system\Database\MySQLi\Connection.php:231
Stack trace:
#0 D:\xampp82\htdocs\260505_andai_ku_walikota\system\Database\BaseConnection.php(555): CodeIgniter\Database\MySQLi\Connection->connect(false)
#1 D:\xampp82\htdocs\260505_andai_ku_walikota\system\Database\BaseConnection.php(795): CodeIgniter\Database\BaseConnection->initialize()
#2 D:\xampp82\htdocs\260505_andai_ku_walikota\system\Database\BaseBuilder.php(2345): CodeIgniter\Database\BaseConnection->query('INSERT INTO `us...', Array, false)
#3 D:\xampp82\htdocs\260505_andai_ku_walikota\system\Model.php(355): CodeIgniter\Database\BaseBuilder->insert()
#4 D:\xampp82\htdocs\260505_andai_ku_walikota\system\BaseModel.php(899): CodeIgniter\Model->doInsert(Array)
#5 D:\xampp82\htdocs\260505_andai_ku_walikota\system\Model.php(668): CodeIgniter\BaseModel->insert(Array, true)
#6 D:\xampp82\htdocs\260505_andai_ku_walikota\app\Controllers\AuthController.php(43): CodeIgniter\Model->insert(Array)
#7 D:\xampp82\htdocs\260505_andai_ku_walikota\system\CodeIgniter.php(951): App\Controllers\AuthController->processRegister()
#8 D:\xampp82\htdocs\260505_andai_ku_walikota\system\CodeIgniter.php(497): CodeIgniter\CodeIgniter->runController(Object(App\Controllers\AuthController))
#9 D:\xampp82\htdocs\260505_andai_ku_walikota\system\CodeIgniter.php(340): CodeIgniter\CodeIgniter->handleRequest(NULL, Object(Config\Cache), false)
#10 D:\xampp82\htdocs\260505_andai_ku_walikota\system\Boot.php(417): CodeIgniter\CodeIgniter->run()
#11 D:\xampp82\htdocs\260505_andai_ku_walikota\system\Boot.php(68): CodeIgniter\Boot::runCodeIgniter(Object(CodeIgniter\CodeIgniter))
#12 D:\xampp82\htdocs\260505_andai_ku_walikota\public\index.php(59): CodeIgniter\Boot::bootWeb(Object(Config\Paths))
#13 D:\xampp82\htdocs\260505_andai_ku_walikota\system\rewrite.php(44): require_once('D:\\xampp82\\htdo...')
#14 {main}
CRITICAL - 2026-05-05 05:24:46 --> CodeIgniter\Database\Exceptions\DatabaseException: Unable to connect to the database.
Main connection [MySQLi]: Access denied for user ''@'localhost' (using password: NO)
[Method: POST, Route: register]
in SYSTEMPATH\Database\BaseConnection.php on line 606.
 1 SYSTEMPATH\Database\BaseConnection.php(795): CodeIgniter\Database\BaseConnection->initialize()
 2 SYSTEMPATH\Database\BaseBuilder.php(2345): CodeIgniter\Database\BaseConnection->query('INSERT INTO `users` (`name`, `email`, `password`, `created_at`, `updated_at`) VALUES (:name:, :email:, :password:, :created_at:, :updated_at:)', [...], false)
 3 SYSTEMPATH\Model.php(355): CodeIgniter\Database\BaseBuilder->insert()
 4 SYSTEMPATH\BaseModel.php(899): CodeIgniter\Model->doInsert([...])
 5 SYSTEMPATH\Model.php(668): CodeIgniter\BaseModel->insert([...], true)
 6 APPPATH\Controllers\AuthController.php(43): CodeIgniter\Model->insert([...])
 7 SYSTEMPATH\CodeIgniter.php(951): App\Controllers\AuthController->processRegister()
 8 SYSTEMPATH\CodeIgniter.php(497): CodeIgniter\CodeIgniter->runController(Object(App\Controllers\AuthController))
 9 SYSTEMPATH\CodeIgniter.php(340): CodeIgniter\CodeIgniter->handleRequest(null, Object(Config\Cache), false)
10 SYSTEMPATH\Boot.php(417): CodeIgniter\CodeIgniter->run()
11 SYSTEMPATH\Boot.php(68): CodeIgniter\Boot::runCodeIgniter(Object(CodeIgniter\CodeIgniter))
12 FCPATH\index.php(59): CodeIgniter\Boot::bootWeb(Object(Config\Paths))
13 SYSTEMPATH\rewrite.php(44): require_once('D:\\xampp82\\htdocs\\260505_andai_ku_walikota\\public\\index.php')
ERROR - 2026-05-05 05:25:04 --> No database selected
in SYSTEMPATH\Database\MySQLi\Connection.php on line 300.
 1 SYSTEMPATH\Database\MySQLi\Connection.php(300): mysqli->query('INSERT INTO `users` (`name`, `email`, `password`, `created_at`, `updated_at`) VALUES (\'Kentut\', \'kentutpanjang@gmail.com\', \'$2y$10$xgUaJBsIDBhBuJ3cbjr9a.UMiF7lmTTcjYwn70HOa7eC5bnIZu/Ym\', \'2026-05-05 05:25:02\', \'2026-05-05 05:25:02\')', 0)
 2 SYSTEMPATH\Database\BaseConnection.php(910): CodeIgniter\Database\MySQLi\Connection->execute('INSERT INTO `users` (`name`, `email`, `password`, `created_at`, `updated_at`) VALUES (\'Kentut\', \'kentutpanjang@gmail.com\', \'$2y$10$xgUaJBsIDBhBuJ3cbjr9a.UMiF7lmTTcjYwn70HOa7eC5bnIZu/Ym\', \'2026-05-05 05:25:02\', \'2026-05-05 05:25:02\')')
 3 SYSTEMPATH\Database\BaseConnection.php(827): CodeIgniter\Database\BaseConnection->simpleQuery('INSERT INTO `users` (`name`, `email`, `password`, `created_at`, `updated_at`) VALUES (\'Kentut\', \'kentutpanjang@gmail.com\', \'$2y$10$xgUaJBsIDBhBuJ3cbjr9a.UMiF7lmTTcjYwn70HOa7eC5bnIZu/Ym\', \'2026-05-05 05:25:02\', \'2026-05-05 05:25:02\')')
 4 SYSTEMPATH\Database\BaseBuilder.php(2345): CodeIgniter\Database\BaseConnection->query('INSERT INTO `users` (`name`, `email`, `password`, `created_at`, `updated_at`) VALUES (:name:, :email:, :password:, :created_at:, :updated_at:)', [...], false)
 5 SYSTEMPATH\Model.php(355): CodeIgniter\Database\BaseBuilder->insert()
 6 SYSTEMPATH\BaseModel.php(899): CodeIgniter\Model->doInsert([...])
 7 SYSTEMPATH\Model.php(668): CodeIgniter\BaseModel->insert([...], true)
 8 APPPATH\Controllers\AuthController.php(43): CodeIgniter\Model->insert([...])
 9 SYSTEMPATH\CodeIgniter.php(951): App\Controllers\AuthController->processRegister()
10 SYSTEMPATH\CodeIgniter.php(497): CodeIgniter\CodeIgniter->runController(Object(App\Controllers\AuthController))
11 SYSTEMPATH\CodeIgniter.php(340): CodeIgniter\CodeIgniter->handleRequest(null, Object(Config\Cache), false)
12 SYSTEMPATH\Boot.php(417): CodeIgniter\CodeIgniter->run()
13 SYSTEMPATH\Boot.php(68): CodeIgniter\Boot::runCodeIgniter(Object(CodeIgniter\CodeIgniter))
14 FCPATH\index.php(59): CodeIgniter\Boot::bootWeb(Object(Config\Paths))
15 SYSTEMPATH\rewrite.php(44): require_once('D:\\xampp82\\htdocs\\260505_andai_ku_walikota\\public\\index.php')
CRITICAL - 2026-05-05 05:25:04 --> CodeIgniter\Database\Exceptions\DatabaseException: No database selected
[Method: POST, Route: register]
in SYSTEMPATH\Database\BaseConnection.php on line 865.
 1 SYSTEMPATH\Database\BaseBuilder.php(2345): CodeIgniter\Database\BaseConnection->query('INSERT INTO `users` (`name`, `email`, `password`, `created_at`, `updated_at`) VALUES (:name:, :email:, :password:, :created_at:, :updated_at:)', [...], false)
 2 SYSTEMPATH\Model.php(355): CodeIgniter\Database\BaseBuilder->insert()
 3 SYSTEMPATH\BaseModel.php(899): CodeIgniter\Model->doInsert([...])
 4 SYSTEMPATH\Model.php(668): CodeIgniter\BaseModel->insert([...], true)
 5 APPPATH\Controllers\AuthController.php(43): CodeIgniter\Model->insert([...])
 6 SYSTEMPATH\CodeIgniter.php(951): App\Controllers\AuthController->processRegister()
 7 SYSTEMPATH\CodeIgniter.php(497): CodeIgniter\CodeIgniter->runController(Object(App\Controllers\AuthController))
 8 SYSTEMPATH\CodeIgniter.php(340): CodeIgniter\CodeIgniter->handleRequest(null, Object(Config\Cache), false)
 9 SYSTEMPATH\Boot.php(417): CodeIgniter\CodeIgniter->run()
10 SYSTEMPATH\Boot.php(68): CodeIgniter\Boot::runCodeIgniter(Object(CodeIgniter\CodeIgniter))
11 FCPATH\index.php(59): CodeIgniter\Boot::bootWeb(Object(Config\Paths))
12 SYSTEMPATH\rewrite.php(44): require_once('D:\\xampp82\\htdocs\\260505_andai_ku_walikota\\public\\index.php')
CRITICAL - 2026-05-05 05:25:04 --> [Caused by] CodeIgniter\Database\Exceptions\DatabaseException: No database selected
in SYSTEMPATH\Database\MySQLi\Connection.php on line 310.
 1 SYSTEMPATH\Database\BaseConnection.php(910): CodeIgniter\Database\MySQLi\Connection->execute('INSERT INTO `users` (`name`, `email`, `password`, `created_at`, `updated_at`) VALUES (\'Kentut\', \'kentutpanjang@gmail.com\', \'$2y$10$xgUaJBsIDBhBuJ3cbjr9a.UMiF7lmTTcjYwn70HOa7eC5bnIZu/Ym\', \'2026-05-05 05:25:02\', \'2026-05-05 05:25:02\')')
 2 SYSTEMPATH\Database\BaseConnection.php(827): CodeIgniter\Database\BaseConnection->simpleQuery('INSERT INTO `users` (`name`, `email`, `password`, `created_at`, `updated_at`) VALUES (\'Kentut\', \'kentutpanjang@gmail.com\', \'$2y$10$xgUaJBsIDBhBuJ3cbjr9a.UMiF7lmTTcjYwn70HOa7eC5bnIZu/Ym\', \'2026-05-05 05:25:02\', \'2026-05-05 05:25:02\')')
 3 SYSTEMPATH\Database\BaseBuilder.php(2345): CodeIgniter\Database\BaseConnection->query('INSERT INTO `users` (`name`, `email`, `password`, `created_at`, `updated_at`) VALUES (:name:, :email:, :password:, :created_at:, :updated_at:)', [...], false)
 4 SYSTEMPATH\Model.php(355): CodeIgniter\Database\BaseBuilder->insert()
 5 SYSTEMPATH\BaseModel.php(899): CodeIgniter\Model->doInsert([...])
 6 SYSTEMPATH\Model.php(668): CodeIgniter\BaseModel->insert([...], true)
 7 APPPATH\Controllers\AuthController.php(43): CodeIgniter\Model->insert([...])
 8 SYSTEMPATH\CodeIgniter.php(951): App\Controllers\AuthController->processRegister()
 9 SYSTEMPATH\CodeIgniter.php(497): CodeIgniter\CodeIgniter->runController(Object(App\Controllers\AuthController))
10 SYSTEMPATH\CodeIgniter.php(340): CodeIgniter\CodeIgniter->handleRequest(null, Object(Config\Cache), false)
11 SYSTEMPATH\Boot.php(417): CodeIgniter\CodeIgniter->run()
12 SYSTEMPATH\Boot.php(68): CodeIgniter\Boot::runCodeIgniter(Object(CodeIgniter\CodeIgniter))
13 FCPATH\index.php(59): CodeIgniter\Boot::bootWeb(Object(Config\Paths))
14 SYSTEMPATH\rewrite.php(44): require_once('D:\\xampp82\\htdocs\\260505_andai_ku_walikota\\public\\index.php')
CRITICAL - 2026-05-05 05:25:04 --> [Caused by] mysqli_sql_exception: No database selected
in SYSTEMPATH\Database\MySQLi\Connection.php on line 300.
 1 SYSTEMPATH\Database\MySQLi\Connection.php(300): mysqli->query('INSERT INTO `users` (`name`, `email`, `password`, `created_at`, `updated_at`) VALUES (\'Kentut\', \'kentutpanjang@gmail.com\', \'$2y$10$xgUaJBsIDBhBuJ3cbjr9a.UMiF7lmTTcjYwn70HOa7eC5bnIZu/Ym\', \'2026-05-05 05:25:02\', \'2026-05-05 05:25:02\')', 0)
 2 SYSTEMPATH\Database\BaseConnection.php(910): CodeIgniter\Database\MySQLi\Connection->execute('INSERT INTO `users` (`name`, `email`, `password`, `created_at`, `updated_at`) VALUES (\'Kentut\', \'kentutpanjang@gmail.com\', \'$2y$10$xgUaJBsIDBhBuJ3cbjr9a.UMiF7lmTTcjYwn70HOa7eC5bnIZu/Ym\', \'2026-05-05 05:25:02\', \'2026-05-05 05:25:02\')')
 3 SYSTEMPATH\Database\BaseConnection.php(827): CodeIgniter\Database\BaseConnection->simpleQuery('INSERT INTO `users` (`name`, `email`, `password`, `created_at`, `updated_at`) VALUES (\'Kentut\', \'kentutpanjang@gmail.com\', \'$2y$10$xgUaJBsIDBhBuJ3cbjr9a.UMiF7lmTTcjYwn70HOa7eC5bnIZu/Ym\', \'2026-05-05 05:25:02\', \'2026-05-05 05:25:02\')')
 4 SYSTEMPATH\Database\BaseBuilder.php(2345): CodeIgniter\Database\BaseConnection->query('INSERT INTO `users` (`name`, `email`, `password`, `created_at`, `updated_at`) VALUES (:name:, :email:, :password:, :created_at:, :updated_at:)', [...], false)
 5 SYSTEMPATH\Model.php(355): CodeIgniter\Database\BaseBuilder->insert()
 6 SYSTEMPATH\BaseModel.php(899): CodeIgniter\Model->doInsert([...])
 7 SYSTEMPATH\Model.php(668): CodeIgniter\BaseModel->insert([...], true)
 8 APPPATH\Controllers\AuthController.php(43): CodeIgniter\Model->insert([...])
 9 SYSTEMPATH\CodeIgniter.php(951): App\Controllers\AuthController->processRegister()
10 SYSTEMPATH\CodeIgniter.php(497): CodeIgniter\CodeIgniter->runController(Object(App\Controllers\AuthController))
11 SYSTEMPATH\CodeIgniter.php(340): CodeIgniter\CodeIgniter->handleRequest(null, Object(Config\Cache), false)
12 SYSTEMPATH\Boot.php(417): CodeIgniter\CodeIgniter->run()
13 SYSTEMPATH\Boot.php(68): CodeIgniter\Boot::runCodeIgniter(Object(CodeIgniter\CodeIgniter))
14 FCPATH\index.php(59): CodeIgniter\Boot::bootWeb(Object(Config\Paths))
15 SYSTEMPATH\rewrite.php(44): require_once('D:\\xampp82\\htdocs\\260505_andai_ku_walikota\\public\\index.php')
DEBUG - 2026-05-05 05:26:33 --> Session: Class initialized using 'CodeIgniter\Session\Handlers\FileHandler' driver.
DEBUG - 2026-05-05 05:26:33 --> Session: Class initialized using 'CodeIgniter\Session\Handlers\FileHandler' driver.
DEBUG - 2026-05-05 05:26:51 --> Session: Class initialized using 'CodeIgniter\Session\Handlers\FileHandler' driver.
DEBUG - 2026-05-05 05:26:51 --> Session: Class initialized using 'CodeIgniter\Session\Handlers\FileHandler' driver.
CRITICAL - 2026-05-05 05:26:51 --> CodeIgniter\View\Exceptions\ViewException: Invalid file: "dashboard/index.php"
[Method: GET, Route: dashboard]
in SYSTEMPATH\Exceptions\FrameworkException.php on line 39.
 1 SYSTEMPATH\View\View.php(228): CodeIgniter\Exceptions\FrameworkException::forInvalidFile('dashboard/index.php')
 2 SYSTEMPATH\Common.php(1250): CodeIgniter\View\View->render('dashboard/index', [], true)
 3 APPPATH\Controllers\DashboardController.php(9): view('dashboard/index')
 4 SYSTEMPATH\CodeIgniter.php(951): App\Controllers\DashboardController->index()
 5 SYSTEMPATH\CodeIgniter.php(497): CodeIgniter\CodeIgniter->runController(Object(App\Controllers\DashboardController))
 6 SYSTEMPATH\CodeIgniter.php(340): CodeIgniter\CodeIgniter->handleRequest(null, Object(Config\Cache), false)
 7 SYSTEMPATH\Boot.php(417): CodeIgniter\CodeIgniter->run()
 8 SYSTEMPATH\Boot.php(68): CodeIgniter\Boot::runCodeIgniter(Object(CodeIgniter\CodeIgniter))
 9 FCPATH\index.php(59): CodeIgniter\Boot::bootWeb(Object(Config\Paths))
10 SYSTEMPATH\rewrite.php(44): require_once('D:\\xampp82\\htdocs\\260505_andai_ku_walikota\\public\\index.php')
DEBUG - 2026-05-05 05:27:02 --> Session: Class initialized using 'CodeIgniter\Session\Handlers\FileHandler' driver.
DEBUG - 2026-05-05 05:27:06 --> Session: Class initialized using 'CodeIgniter\Session\Handlers\FileHandler' driver.
DEBUG - 2026-05-05 05:27:06 --> Session: Class initialized using 'CodeIgniter\Session\Handlers\FileHandler' driver.
DEBUG - 2026-05-05 05:27:17 --> Session: Class initialized using 'CodeIgniter\Session\Handlers\FileHandler' driver.
DEBUG - 2026-05-05 05:27:17 --> Session: Class initialized using 'CodeIgniter\Session\Handlers\FileHandler' driver.
